2025-12-02 16:41:55,608 - WARNING - catalog.json not found. Creating a new file.
2025-12-02 16:41:55,609 - INFO - Catalog saved successfully. Total books: 0
2025-12-02 18:52:42,209 - INFO - Catalog loaded successfully with 0 books.
2025-12-02 18:53:08,581 - INFO - Searched by ISBN: 222 — Found: False
2025-12-02 18:53:08,629 - INFO - Catalog saved successfully. Total books: 1
2025-12-02 18:53:08,629 - INFO - Book added: data structures (ISBN: 222)
2025-12-02 18:53:08,629 - INFO - Book added via CLI: data structures (ISBN: 222)
2025-12-02 18:54:20,762 - INFO - Searched by ISBN: 333 — Found: False
2025-12-02 18:54:20,764 - INFO - Catalog saved successfully. Total books: 2
2025-12-02 18:54:20,764 - INFO - Book added: machine learning (ISBN: 333)
2025-12-02 18:54:20,764 - INFO - Book added via CLI: machine learning (ISBN: 333)
2025-12-02 18:54:53,911 - INFO - Searched by ISBN: 333 — Found: True
2025-12-02 18:54:53,912 - INFO - Catalog saved successfully. Total books: 2
2025-12-02 18:54:53,912 - INFO - Book issued via CLI: 333
2025-12-02 18:55:28,744 - INFO - Searched by title: 'data' — Matches: 1
2025-12-02 18:55:45,518 - INFO - Searched by ISBN: 333 — Found: True
2025-12-02 18:57:01,299 - INFO - Searched by ISBN: 333 — Found: True
2025-12-02 18:57:01,301 - INFO - Catalog saved successfully. Total books: 2
2025-12-02 18:57:01,301 - INFO - Book returned via CLI: 333
2025-12-02 18:57:24,577 - INFO - Program exited by user.
2025-12-02 20:58:11,844 - INFO - Catalog loaded successfully with 2 books.
